<?xml version="1.0" encoding="UTF-8"?>
<!-- Generated by org.testng.reporters.JUnitXMLReporter -->
<testsuite ignored="0" hostname="LAPTOP-HR3JTIVI" failures="6" tests="9" name="Login Page Test" time="41.05" errors="0" timestamp="2024-06-29T19:05:40 IST">
  <testcase classname="io.cucumber.testng.AbstractTestNGCucumberTests" name="runScenario" time="0.183">
    <failure type="java.lang.AssertionError">
      <![CDATA[java.lang.AssertionError
at com.google.gson.internal.LinkedTreeMap.replaceInParent(LinkedTreeMap.java:318)
at com.google.gson.internal.LinkedTreeMap.rotateLeft(LinkedTreeMap.java:408)
at com.google.gson.internal.LinkedTreeMap.rebalance(LinkedTreeMap.java:349)
at com.google.gson.internal.LinkedTreeMap.removeInternal(LinkedTreeMap.java:294)
at com.google.gson.internal.LinkedTreeMap.removeInternal(LinkedTreeMap.java:261)
at com.google.gson.internal.LinkedTreeMap.removeInternalByKey(LinkedTreeMap.java:302)
at com.google.gson.internal.LinkedTreeMap.remove(LinkedTreeMap.java:134)
at com.aventstack.extentreports.gherkin.GherkinDialect.<init>(GherkinDialect.java:26)
at com.aventstack.extentreports.gherkin.GherkinDialectManager.setLanguage(GherkinDialectManager.java:76)
at com.aventstack.extentreports.ExtentReports.setGherkinDialect(ExtentReports.java:446)
at com.aventstack.extentreports.cucumber.adapter.ExtentCucumberAdapter.createFeature(ExtentCucumberAdapter.java:314)
at com.aventstack.extentreports.cucumber.adapter.ExtentCucumberAdapter.handleStartOfFeature(ExtentCucumberAdapter.java:307)
at com.aventstack.extentreports.cucumber.adapter.ExtentCucumberAdapter.handleTestCaseStarted(ExtentCucumberAdapter.java:161)
at com.aventstack.extentreports.cucumber.adapter.ExtentCucumberAdapter.access$100(ExtentCucumberAdapter.java:63)
at com.aventstack.extentreports.cucumber.adapter.ExtentCucumberAdapter$3.receive(ExtentCucumberAdapter.java:107)
at com.aventstack.extentreports.cucumber.adapter.ExtentCucumberAdapter$3.receive(ExtentCucumberAdapter.java:104)
at io.cucumber.core.eventbus.AbstractEventPublisher.send(AbstractEventPublisher.java:51)
at io.cucumber.core.eventbus.AbstractEventBus.send(AbstractEventBus.java:12)
at io.cucumber.core.runtime.SynchronizedEventBus.send(SynchronizedEventBus.java:47)
at io.cucumber.core.runtime.ThreadLocalRunnerSupplier$LocalEventBus.send(ThreadLocalRunnerSupplier.java:62)
at io.cucumber.core.runner.TestCase.emitTestCaseStarted(TestCase.java:206)
at io.cucumber.core.runner.TestCase.run(TestCase.java:72)
at io.cucumber.core.runner.Runner.runPickle(Runner.java:75)
at io.cucumber.testng.TestNGCucumberRunner.lambda$runScenario$1(TestNGCucumberRunner.java:132)
at io.cucumber.core.runtime.CucumberExecutionContext.lambda$runTestCase$5(CucumberExecutionContext.java:137)
at io.cucumber.core.runtime.RethrowingThrowableCollector.executeAndThrow(RethrowingThrowableCollector.java:23)
at io.cucumber.core.runtime.CucumberExecutionContext.runTestCase(CucumberExecutionContext.java:137)
at io.cucumber.testng.TestNGCucumberRunner.runScenario(TestNGCucumberRunner.java:129)
at io.cucumber.testng.AbstractTestNGCucumberTests.runScenario(AbstractTestNGCucumberTests.java:35)
at java.base/java.util.concurrent.ThreadPoolExecutor.runWorker(ThreadPoolExecutor.java:1130)
at java.base/java.util.concurrent.ThreadPoolExecutor$Worker.run(ThreadPoolExecutor.java:630)
at java.base/java.lang.Thread.run(Thread.java:832)
... Removed 9 stack frames]]>
    </failure>
  </testcase> <!-- runScenario -->
  <testcase classname="io.cucumber.testng.AbstractTestNGCucumberTests" name="runScenario" time="20.034"/>
  <testcase classname="io.cucumber.testng.AbstractTestNGCucumberTests" name="runScenario" time="20.258">
    <failure type="java.lang.AssertionError" message="expected [Epic sadface: Username and password do not match any user in this srevice] but found [Epic sadface: Username and password do not match any user in this service]">
      <![CDATA[java.lang.AssertionError: expected [Epic sadface: Username and password do not match any user in this srevice] but found [Epic sadface: Username and password do not match any user in this service]
at com.qa.stepdefinitions.LoginPageDefinition.user_should_display_error_message_as(LoginPageDefinition.java:70)
at ✽.User should display error message as "Epic sadface: Username and password do not match any user in this srevice"(file:///C:/Users/shreenethira/eclipse-workspace/CucumberTest/src/test/java/com/qa/features/LoginPage.feature:35)
... Removed 6 stack frames]]>
    </failure>
  </testcase> <!-- runScenario -->
  <testcase classname="io.cucumber.testng.AbstractTestNGCucumberTests" name="runScenario" time="20.407"/>
  <testcase classname="io.cucumber.testng.AbstractTestNGCucumberTests" name="runScenario" time="20.491">
    <failure type="java.lang.AssertionError" message="expected [Epic sadface: Username and password do not match any user in this srevice] but found [Epic sadface: Username and password do not match any user in this service]">
      <![CDATA[java.lang.AssertionError: expected [Epic sadface: Username and password do not match any user in this srevice] but found [Epic sadface: Username and password do not match any user in this service]
at com.qa.stepdefinitions.LoginPageDefinition.user_should_display_error_message_as(LoginPageDefinition.java:70)
at ✽.User should display error message as "Epic sadface: Username and password do not match any user in this srevice"(file:///C:/Users/shreenethira/eclipse-workspace/CucumberTest/src/test/java/com/qa/features/LoginPage.feature:35)
... Removed 6 stack frames]]>
    </failure>
  </testcase> <!-- runScenario -->
  <testcase classname="io.cucumber.testng.AbstractTestNGCucumberTests" name="runScenario" time="20.627">
    <failure type="java.lang.AssertionError" message="expected [Product] but found [Products]">
      <![CDATA[java.lang.AssertionError: expected [Product] but found [Products]
at com.qa.stepdefinitions.LoginPageDefinition.user_should_land_on_products_page(LoginPageDefinition.java:57)
at ✽.User should land on Products Page(file:///C:/Users/shreenethira/eclipse-workspace/CucumberTest/src/test/java/com/qa/features/LoginPage.feature:29)
... Removed 6 stack frames]]>
    </failure>
  </testcase> <!-- runScenario -->
  <testcase classname="io.cucumber.testng.AbstractTestNGCucumberTests" name="runScenario" time="8.874">
    <failure type="java.lang.AssertionError" message="expected [Epic sadface: Username and password do not match any user in this srevice] but found [Epic sadface: Username and password do not match any user in this service]">
      <![CDATA[java.lang.AssertionError: expected [Epic sadface: Username and password do not match any user in this srevice] but found [Epic sadface: Username and password do not match any user in this service]
at com.qa.stepdefinitions.LoginPageDefinition.user_should_display_error_message_as(LoginPageDefinition.java:70)
at ✽.User should display error message as "Epic sadface: Username and password do not match any user in this srevice"(file:///C:/Users/shreenethira/eclipse-workspace/CucumberTest/src/test/java/com/qa/features/LoginPage.feature:35)
... Removed 6 stack frames]]>
    </failure>
  </testcase> <!-- runScenario -->
  <testcase classname="io.cucumber.testng.AbstractTestNGCucumberTests" name="runScenario" time="9.202">
    <failure type="java.lang.AssertionError" message="expected [Product] but found [Products]">
      <![CDATA[java.lang.AssertionError: expected [Product] but found [Products]
at com.qa.stepdefinitions.LoginPageDefinition.user_should_land_on_products_page(LoginPageDefinition.java:57)
at ✽.User should land on Products Page(file:///C:/Users/shreenethira/eclipse-workspace/CucumberTest/src/test/java/com/qa/features/LoginPage.feature:29)
... Removed 6 stack frames]]>
    </failure>
  </testcase> <!-- runScenario -->
  <testcase classname="io.cucumber.testng.AbstractTestNGCucumberTests" name="runScenario" time="9.203"/>
</testsuite> <!-- Login Page Test -->
