<html>
<head>
<title>TestNG:  Login Page Test</title>
<link href="../testng.css" rel="stylesheet" type="text/css" />
<link href="../my-testng.css" rel="stylesheet" type="text/css" />

<style type="text/css">
.log { display: none;} 
.stack-trace { display: none;} 
</style>
<script type="text/javascript">
<!--
function flip(e) {
  current = e.style.display;
  if (current == 'block') {
    e.style.display = 'none';
    return 0;
  }
  else {
    e.style.display = 'block';
    return 1;
  }
}

function toggleBox(szDivId, elem, msg1, msg2)
{
  var res = -1;  if (document.getElementById) {
    res = flip(document.getElementById(szDivId));
  }
  else if (document.all) {
    // this is the way old msie versions work
    res = flip(document.all[szDivId]);
  }
  if(elem) {
    if(res == 0) elem.innerHTML = msg1; else elem.innerHTML = msg2;
  }

}

function toggleAllBoxes() {
  if (document.getElementsByTagName) {
    d = document.getElementsByTagName('div');
    for (i = 0; i < d.length; i++) {
      if (d[i].className == 'log') {
        flip(d[i]);
      }
    }
  }
}

// -->
</script>

</head>
<body>
<h2 align='center'>Login Page Test</h2><table border='1' align="center">
<tr>
<td>Tests passed/Failed/Skipped:</td><td>3/6/0</td>
</tr><tr>
<td>Started on:</td><td>Sat Jun 29 19:04:59 IST 2024</td>
</tr>
<tr><td>Total time:</td><td>41 seconds (41050 ms)</td>
</tr><tr>
<td>Included groups:</td><td></td>
</tr><tr>
<td>Excluded groups:</td><td></td>
</tr>
</table><p/>
<small><i>(Hover the method name to see the test class name)</i></small><p/>
<table width='100%' border='1' class='invocation-failed'>
<tr><td colspan='4' align='center'><b>FAILED TESTS</b></td></tr>
<tr><td><b>Test method</b></td>
<td><b>Attribute(s)</b></td>
<td width="30%"><b>Exception</b></td>
<td width="10%"><b>Time (seconds)</b></td>
<td><b>Instance</b></td>
</tr>
<tr>
<td title='com.qa.runner.TestRunner.runScenario()'><b>runScenario</b><br>Test class: com.qa.runner.TestRunner<br>Test method: Runs Cucumber Scenarios<br>Parameters: "Successful login with valid credentials", "Login Page"</td>
<td><div><pre>java.lang.AssertionError
	at com.google.gson.internal.LinkedTreeMap.replaceInParent(LinkedTreeMap.java:318)
	at com.google.gson.internal.LinkedTreeMap.rotateLeft(LinkedTreeMap.java:408)
	at com.google.gson.internal.LinkedTreeMap.rebalance(LinkedTreeMap.java:349)
	at com.google.gson.internal.LinkedTreeMap.removeInternal(LinkedTreeMap.java:294)
	at com.google.gson.internal.LinkedTreeMap.removeInternal(LinkedTreeMap.java:261)
	at com.google.gson.internal.LinkedTreeMap.removeInternalByKey(LinkedTreeMap.java:302)
	at com.google.gson.internal.LinkedTreeMap.remove(LinkedTreeMap.java:134)
	at com.aventstack.extentreports.gherkin.GherkinDialect.&lt;init&gt;(GherkinDialect.java:26)
	at com.aventstack.extentreports.gherkin.GherkinDialectManager.setLanguage(GherkinDialectManager.java:76)
	at com.aventstack.extentreports.ExtentReports.setGherkinDialect(ExtentReports.java:446)
	at com.aventstack.extentreports.cucumber.adapter.ExtentCucumberAdapter.createFeature(ExtentCucumberAdapter.java:314)
	at com.aventstack.extentreports.cucumber.adapter.ExtentCucumberAdapter.handleStartOfFeature(ExtentCucumberAdapter.java:307)
	at com.aventstack.extentreports.cucumber.adapter.ExtentCucumberAdapter.handleTestCaseStarted(ExtentCucumberAdapter.java:161)
	at com.aventstack.extentreports.cucumber.adapter.ExtentCucumberAdapter.access$100(ExtentCucumberAdapter.java:63)
	at com.aventstack.extentreports.cucumber.adapter.ExtentCucumberAdapter$3.receive(ExtentCucumberAdapter.java:107)
	at com.aventstack.extentreports.cucumber.adapter.ExtentCucumberAdapter$3.receive(ExtentCucumberAdapter.java:104)
	at io.cucumber.core.eventbus.AbstractEventPublisher.send(AbstractEventPublisher.java:51)
	at io.cucumber.core.eventbus.AbstractEventBus.send(AbstractEventBus.java:12)
	at io.cucumber.core.runtime.SynchronizedEventBus.send(SynchronizedEventBus.java:47)
	at io.cucumber.core.runtime.ThreadLocalRunnerSupplier$LocalEventBus.send(ThreadLocalRunnerSupplier.java:62)
	at io.cucumber.core.runner.TestCase.emitTestCaseStarted(TestCase.java:206)
	at io.cucumber.core.runner.TestCase.run(TestCase.java:72)
	at io.cucumber.core.runner.Runner.runPickle(Runner.java:75)
	at io.cucumber.testng.TestNGCucumberRunner.lambda$runScenario$1(TestNGCucumberRunner.java:132)
	at io.cucumber.core.runtime.CucumberExecutionContext.lambda$runTestCase$5(CucumberExecutionContext.java:137)
	at io.cucumber.core.runtime.RethrowingThrowableCollector.executeAndThrow(RethrowingThrowableCollector.java:23)
	at io.cucumber.core.runtime.CucumberExecutionContext.runTestCase(CucumberExecutionContext.java:137)
	at io.cucumber.testng.TestNGCucumberRunner.runScenario(TestNGCucumberRunner.java:129)
	at io.cucumber.testng.AbstractTestNGCucumberTests.runScenario(AbstractTestNGCucumberTests.java:35)
	at java.base/java.util.concurrent.ThreadPoolExecutor.runWorker(ThreadPoolExecutor.java:1130)
	at java.base/java.util.concurrent.ThreadPoolExecutor$Worker.run(ThreadPoolExecutor.java:630)
	at java.base/java.lang.Thread.run(Thread.java:832)
... Removed 9 stack frames</pre></div><a href='#' onClick='toggleBox("stack-trace472768349", this, "Click to show all stack frames", "Click to hide stack frames")'>Click to show all stack frames</a>
<div class='stack-trace' id='stack-trace472768349'><pre>java.lang.AssertionError
	at com.google.gson.internal.LinkedTreeMap.replaceInParent(LinkedTreeMap.java:318)
	at com.google.gson.internal.LinkedTreeMap.rotateLeft(LinkedTreeMap.java:408)
	at com.google.gson.internal.LinkedTreeMap.rebalance(LinkedTreeMap.java:349)
	at com.google.gson.internal.LinkedTreeMap.removeInternal(LinkedTreeMap.java:294)
	at com.google.gson.internal.LinkedTreeMap.removeInternal(LinkedTreeMap.java:261)
	at com.google.gson.internal.LinkedTreeMap.removeInternalByKey(LinkedTreeMap.java:302)
	at com.google.gson.internal.LinkedTreeMap.remove(LinkedTreeMap.java:134)
	at com.aventstack.extentreports.gherkin.GherkinDialect.&lt;init&gt;(GherkinDialect.java:26)
	at com.aventstack.extentreports.gherkin.GherkinDialectManager.setLanguage(GherkinDialectManager.java:76)
	at com.aventstack.extentreports.ExtentReports.setGherkinDialect(ExtentReports.java:446)
	at com.aventstack.extentreports.cucumber.adapter.ExtentCucumberAdapter.createFeature(ExtentCucumberAdapter.java:314)
	at com.aventstack.extentreports.cucumber.adapter.ExtentCucumberAdapter.handleStartOfFeature(ExtentCucumberAdapter.java:307)
	at com.aventstack.extentreports.cucumber.adapter.ExtentCucumberAdapter.handleTestCaseStarted(ExtentCucumberAdapter.java:161)
	at com.aventstack.extentreports.cucumber.adapter.ExtentCucumberAdapter.access$100(ExtentCucumberAdapter.java:63)
	at com.aventstack.extentreports.cucumber.adapter.ExtentCucumberAdapter$3.receive(ExtentCucumberAdapter.java:107)
	at com.aventstack.extentreports.cucumber.adapter.ExtentCucumberAdapter$3.receive(ExtentCucumberAdapter.java:104)
	at io.cucumber.core.eventbus.AbstractEventPublisher.send(AbstractEventPublisher.java:51)
	at io.cucumber.core.eventbus.AbstractEventBus.send(AbstractEventBus.java:12)
	at io.cucumber.core.runtime.SynchronizedEventBus.send(SynchronizedEventBus.java:47)
	at io.cucumber.core.runtime.ThreadLocalRunnerSupplier$LocalEventBus.send(ThreadLocalRunnerSupplier.java:62)
	at io.cucumber.core.runner.TestCase.emitTestCaseStarted(TestCase.java:206)
	at io.cucumber.core.runner.TestCase.run(TestCase.java:72)
	at io.cucumber.core.runner.Runner.runPickle(Runner.java:75)
	at io.cucumber.testng.TestNGCucumberRunner.lambda$runScenario$1(TestNGCucumberRunner.java:132)
	at io.cucumber.core.runtime.CucumberExecutionContext.lambda$runTestCase$5(CucumberExecutionContext.java:137)
	at io.cucumber.core.runtime.RethrowingThrowableCollector.executeAndThrow(RethrowingThrowableCollector.java:23)
	at io.cucumber.core.runtime.CucumberExecutionContext.runTestCase(CucumberExecutionContext.java:137)
	at io.cucumber.testng.TestNGCucumberRunner.runScenario(TestNGCucumberRunner.java:129)
	at io.cucumber.testng.AbstractTestNGCucumberTests.runScenario(AbstractTestNGCucumberTests.java:35)
	at java.base/jdk.internal.reflect.NativeMethodAccessorImpl.invoke0(Native Method)
	at java.base/jdk.internal.reflect.NativeMethodAccessorImpl.invoke(NativeMethodAccessorImpl.java:64)
	at java.base/jdk.internal.reflect.DelegatingMethodAccessorImpl.invoke(DelegatingMethodAccessorImpl.java:43)
	at java.base/java.lang.reflect.Method.invoke(Method.java:564)
	at org.testng.internal.invokers.MethodInvocationHelper.invokeMethod(MethodInvocationHelper.java:141)
	at org.testng.internal.invokers.TestInvoker.invokeMethod(TestInvoker.java:686)
	at org.testng.internal.invokers.TestInvoker.invokeTestMethod(TestInvoker.java:230)
	at org.testng.internal.invokers.TestMethodWithDataProviderMethodWorker.call(TestMethodWithDataProviderMethodWorker.java:81)
	at org.testng.internal.thread.Async$AsyncTask.run(Async.java:34)
	at java.base/java.util.concurrent.ThreadPoolExecutor.runWorker(ThreadPoolExecutor.java:1130)
	at java.base/java.util.concurrent.ThreadPoolExecutor$Worker.run(ThreadPoolExecutor.java:630)
	at java.base/java.lang.Thread.run(Thread.java:832)
</pre></div></td>
<td>0</td>
<td>com.qa.runner.TestRunner@7c7b252e</td></tr>
<tr>
<td title='com.qa.runner.TestRunner2.runScenario()'><b>runScenario</b><br>Test class: com.qa.runner.TestRunner2<br>Test method: Runs Cucumber Scenarios<br>Parameters: "Unsuccessful login with invalid credentials", "Login Page"</td>
<td><div><pre>java.lang.AssertionError: expected [Epic sadface: Username and password do not match any user in this srevice] but found [Epic sadface: Username and password do not match any user in this service]
	at com.qa.stepdefinitions.LoginPageDefinition.user_should_display_error_message_as(LoginPageDefinition.java:70)
	at ?.User should display error message as &quot;Epic sadface: Username and password do not match any user in this srevice&quot;(file:///C:/Users/shreenethira/eclipse-workspace/CucumberTest/src/test/java/com/qa/features/LoginPage.feature:35)
... Removed 6 stack frames</pre></div><a href='#' onClick='toggleBox("stack-trace4804409", this, "Click to show all stack frames", "Click to hide stack frames")'>Click to show all stack frames</a>
<div class='stack-trace' id='stack-trace4804409'><pre>java.lang.AssertionError: expected [Epic sadface: Username and password do not match any user in this srevice] but found [Epic sadface: Username and password do not match any user in this service]
	at org.testng.Assert.fail(Assert.java:111)
	at org.testng.Assert.failNotEquals(Assert.java:1578)
	at org.testng.Assert.assertEqualsImpl(Assert.java:150)
	at org.testng.Assert.assertEquals(Assert.java:132)
	at org.testng.Assert.assertEquals(Assert.java:656)
	at org.testng.Assert.assertEquals(Assert.java:666)
	at com.qa.stepdefinitions.LoginPageDefinition.user_should_display_error_message_as(LoginPageDefinition.java:70)
	at ?.User should display error message as &quot;Epic sadface: Username and password do not match any user in this srevice&quot;(file:///C:/Users/shreenethira/eclipse-workspace/CucumberTest/src/test/java/com/qa/features/LoginPage.feature:35)
</pre></div></td>
<td>8</td>
<td>com.qa.runner.TestRunner2@a1153bc</td></tr>
<tr>
<td title='com.qa.runner.TestRunner.runScenario()'><b>runScenario</b><br>Test class: com.qa.runner.TestRunner<br>Test method: Runs Cucumber Scenarios<br>Parameters: "Unsuccessful login with invalid credentials", "Login Page"</td>
<td><div><pre>java.lang.AssertionError: expected [Epic sadface: Username and password do not match any user in this srevice] but found [Epic sadface: Username and password do not match any user in this service]
	at com.qa.stepdefinitions.LoginPageDefinition.user_should_display_error_message_as(LoginPageDefinition.java:70)
	at ?.User should display error message as &quot;Epic sadface: Username and password do not match any user in this srevice&quot;(file:///C:/Users/shreenethira/eclipse-workspace/CucumberTest/src/test/java/com/qa/features/LoginPage.feature:35)
... Removed 6 stack frames</pre></div><a href='#' onClick='toggleBox("stack-trace373922392", this, "Click to show all stack frames", "Click to hide stack frames")'>Click to show all stack frames</a>
<div class='stack-trace' id='stack-trace373922392'><pre>java.lang.AssertionError: expected [Epic sadface: Username and password do not match any user in this srevice] but found [Epic sadface: Username and password do not match any user in this service]
	at org.testng.Assert.fail(Assert.java:111)
	at org.testng.Assert.failNotEquals(Assert.java:1578)
	at org.testng.Assert.assertEqualsImpl(Assert.java:150)
	at org.testng.Assert.assertEquals(Assert.java:132)
	at org.testng.Assert.assertEquals(Assert.java:656)
	at org.testng.Assert.assertEquals(Assert.java:666)
	at com.qa.stepdefinitions.LoginPageDefinition.user_should_display_error_message_as(LoginPageDefinition.java:70)
	at ?.User should display error message as &quot;Epic sadface: Username and password do not match any user in this srevice&quot;(file:///C:/Users/shreenethira/eclipse-workspace/CucumberTest/src/test/java/com/qa/features/LoginPage.feature:35)
</pre></div></td>
<td>20</td>
<td>com.qa.runner.TestRunner@7c7b252e</td></tr>
<tr>
<td title='com.qa.runner.TestRunner2.runScenario()'><b>runScenario</b><br>Test class: com.qa.runner.TestRunner2<br>Test method: Runs Cucumber Scenarios<br>Parameters: "Successful login with valid credentials", "Login Page"</td>
<td><div><pre>java.lang.AssertionError: expected [Product] but found [Products]
	at com.qa.stepdefinitions.LoginPageDefinition.user_should_land_on_products_page(LoginPageDefinition.java:57)
	at ?.User should land on Products Page(file:///C:/Users/shreenethira/eclipse-workspace/CucumberTest/src/test/java/com/qa/features/LoginPage.feature:29)
... Removed 6 stack frames</pre></div><a href='#' onClick='toggleBox("stack-trace647482261", this, "Click to show all stack frames", "Click to hide stack frames")'>Click to show all stack frames</a>
<div class='stack-trace' id='stack-trace647482261'><pre>java.lang.AssertionError: expected [Product] but found [Products]
	at org.testng.Assert.fail(Assert.java:111)
	at org.testng.Assert.failNotEquals(Assert.java:1578)
	at org.testng.Assert.assertEqualsImpl(Assert.java:150)
	at org.testng.Assert.assertEquals(Assert.java:132)
	at org.testng.Assert.assertEquals(Assert.java:656)
	at org.testng.Assert.assertEquals(Assert.java:666)
	at com.qa.stepdefinitions.LoginPageDefinition.user_should_land_on_products_page(LoginPageDefinition.java:57)
	at ?.User should land on Products Page(file:///C:/Users/shreenethira/eclipse-workspace/CucumberTest/src/test/java/com/qa/features/LoginPage.feature:29)
</pre></div></td>
<td>9</td>
<td>com.qa.runner.TestRunner2@a1153bc</td></tr>
<tr>
<td title='com.qa.runner.TestRunner1.runScenario()'><b>runScenario</b><br>Test class: com.qa.runner.TestRunner1<br>Test method: Runs Cucumber Scenarios<br>Parameters: "Successful login with valid credentials", "Login Page"</td>
<td><div><pre>java.lang.AssertionError: expected [Product] but found [Products]
	at com.qa.stepdefinitions.LoginPageDefinition.user_should_land_on_products_page(LoginPageDefinition.java:57)
	at ?.User should land on Products Page(file:///C:/Users/shreenethira/eclipse-workspace/CucumberTest/src/test/java/com/qa/features/LoginPage.feature:29)
... Removed 6 stack frames</pre></div><a href='#' onClick='toggleBox("stack-trace1126084251", this, "Click to show all stack frames", "Click to hide stack frames")'>Click to show all stack frames</a>
<div class='stack-trace' id='stack-trace1126084251'><pre>java.lang.AssertionError: expected [Product] but found [Products]
	at org.testng.Assert.fail(Assert.java:111)
	at org.testng.Assert.failNotEquals(Assert.java:1578)
	at org.testng.Assert.assertEqualsImpl(Assert.java:150)
	at org.testng.Assert.assertEquals(Assert.java:132)
	at org.testng.Assert.assertEquals(Assert.java:656)
	at org.testng.Assert.assertEquals(Assert.java:666)
	at com.qa.stepdefinitions.LoginPageDefinition.user_should_land_on_products_page(LoginPageDefinition.java:57)
	at ?.User should land on Products Page(file:///C:/Users/shreenethira/eclipse-workspace/CucumberTest/src/test/java/com/qa/features/LoginPage.feature:29)
</pre></div></td>
<td>20</td>
<td>com.qa.runner.TestRunner1@7b2bbc3</td></tr>
<tr>
<td title='com.qa.runner.TestRunner1.runScenario()'><b>runScenario</b><br>Test class: com.qa.runner.TestRunner1<br>Test method: Runs Cucumber Scenarios<br>Parameters: "Unsuccessful login with invalid credentials", "Login Page"</td>
<td><div><pre>java.lang.AssertionError: expected [Epic sadface: Username and password do not match any user in this srevice] but found [Epic sadface: Username and password do not match any user in this service]
	at com.qa.stepdefinitions.LoginPageDefinition.user_should_display_error_message_as(LoginPageDefinition.java:70)
	at ?.User should display error message as &quot;Epic sadface: Username and password do not match any user in this srevice&quot;(file:///C:/Users/shreenethira/eclipse-workspace/CucumberTest/src/test/java/com/qa/features/LoginPage.feature:35)
... Removed 6 stack frames</pre></div><a href='#' onClick='toggleBox("stack-trace2098701278", this, "Click to show all stack frames", "Click to hide stack frames")'>Click to show all stack frames</a>
<div class='stack-trace' id='stack-trace2098701278'><pre>java.lang.AssertionError: expected [Epic sadface: Username and password do not match any user in this srevice] but found [Epic sadface: Username and password do not match any user in this service]
	at org.testng.Assert.fail(Assert.java:111)
	at org.testng.Assert.failNotEquals(Assert.java:1578)
	at org.testng.Assert.assertEqualsImpl(Assert.java:150)
	at org.testng.Assert.assertEquals(Assert.java:132)
	at org.testng.Assert.assertEquals(Assert.java:656)
	at org.testng.Assert.assertEquals(Assert.java:666)
	at com.qa.stepdefinitions.LoginPageDefinition.user_should_display_error_message_as(LoginPageDefinition.java:70)
	at ?.User should display error message as &quot;Epic sadface: Username and password do not match any user in this srevice&quot;(file:///C:/Users/shreenethira/eclipse-workspace/CucumberTest/src/test/java/com/qa/features/LoginPage.feature:35)
</pre></div></td>
<td>20</td>
<td>com.qa.runner.TestRunner1@7b2bbc3</td></tr>
</table><p>
<table width='100%' border='1' class='invocation-passed'>
<tr><td colspan='4' align='center'><b>PASSED TESTS</b></td></tr>
<tr><td><b>Test method</b></td>
<td><b>Attribute(s)</b></td>
<td width="30%"><b>Exception</b></td>
<td width="10%"><b>Time (seconds)</b></td>
<td><b>Instance</b></td>
</tr>
<tr>
<td title='com.qa.runner.TestRunner1.runScenario()'><b>runScenario</b><br>Test class: com.qa.runner.TestRunner1<br>Test method: Runs Cucumber Scenarios<br>Parameters: "Unsuccessful login with invalid credentials", "Login Page"</td>
<td></td>
<td>20</td>
<td>com.qa.runner.TestRunner1@7b2bbc3</td></tr>
<tr>
<td title='com.qa.runner.TestRunner2.runScenario()'><b>runScenario</b><br>Test class: com.qa.runner.TestRunner2<br>Test method: Runs Cucumber Scenarios<br>Parameters: "Unsuccessful login with invalid credentials", "Login Page"</td>
<td></td>
<td>9</td>
<td>com.qa.runner.TestRunner2@a1153bc</td></tr>
<tr>
<td title='com.qa.runner.TestRunner.runScenario()'><b>runScenario</b><br>Test class: com.qa.runner.TestRunner<br>Test method: Runs Cucumber Scenarios<br>Parameters: "Unsuccessful login with invalid credentials", "Login Page"</td>
<td></td>
<td>20</td>
<td>com.qa.runner.TestRunner@7c7b252e</td></tr>
</table><p>
</body>
</html>