<!DOCTYPE html PUBLIC "-//W3C//DTD XHTML 1.1//EN" "https://www.w3.org/TR/xhtml11/DTD/xhtml11.dtd">
<html xmlns="https://www.w3.org/1999/xhtml">
<head>
<meta http-equiv="content-type" content="text/html; charset=UTF-8"/>
<title>TestNG Report</title>
<style type="text/css">table {margin-bottom:10px;border-collapse:collapse;empty-cells:show}th,td {border:1px solid #009;padding:.25em .5em}th {vertical-align:bottom}td {vertical-align:top}table a {font-weight:bold}.stripe td {background-color: #E6EBF9}.num {text-align:right}.passedodd td {background-color: #3F3}.passedeven td {background-color: #0A0}.skippedodd td {background-color: #DDD}.skippedeven td {background-color: #CCC}.failedodd td,.attn {background-color: #F33}.failedeven td,.stripe .attn {background-color: #D00}.stacktrace {white-space:pre;font-family:monospace}.totop {font-size:85%;text-align:center;border-bottom:2px solid #000}.invisible {display:none}</style>
</head>
<body>
<table>
<tr><th>Test</th><th># Passed</th><th># Skipped</th><th># Retried</th><th># Failed</th><th>Time (ms)</th><th>Included Groups</th><th>Excluded Groups</th></tr>
<tr><th colspan="8">Sauce Demo Products</th></tr>
<tr><td><a href="#t0">Login Page Test</a></td><td class="num">3</td><td class="num">0</td><td class="num">0</td><td class="num attn">6</td><td class="num">41,050</td><td></td><td></td></tr>
</table>
<table id='summary'><thead><tr><th>Class</th><th>Method</th><th>Start</th><th>Time (ms)</th></tr></thead><tbody><tr><th colspan="4">Sauce Demo Products</th></tr></tbody><tbody id="t0"><tr><th colspan="4">Login Page Test &#8212; failed</th></tr><tr class="failedeven"><td rowspan="2">com.qa.runner.TestRunner</td><td><a href="#m0">runScenario</a></td><td rowspan="2">1719668099994</td><td rowspan="2">183</td></tr><tr class="failedeven"><td><a href="#m1">runScenario</a></td></tr><tr class="failedodd"><td rowspan="2">com.qa.runner.TestRunner1</td><td><a href="#m2">runScenario</a></td><td rowspan="2">1719668099994</td><td rowspan="2">20627</td></tr><tr class="failedodd"><td><a href="#m3">runScenario</a></td></tr><tr class="failedeven"><td rowspan="2">com.qa.runner.TestRunner2</td><td><a href="#m4">runScenario</a></td><td rowspan="2">1719668127853</td><td rowspan="2">8874</td></tr><tr class="failedeven"><td><a href="#m5">runScenario</a></td></tr><tr><th colspan="4">Login Page Test &#8212; passed</th></tr><tr class="passedeven"><td rowspan="1">com.qa.runner.TestRunner</td><td><a href="#m6">runScenario</a></td><td rowspan="1">1719668099994</td><td rowspan="1">20407</td></tr><tr class="passedodd"><td rowspan="1">com.qa.runner.TestRunner1</td><td><a href="#m7">runScenario</a></td><td rowspan="1">1719668099994</td><td rowspan="1">20034</td></tr><tr class="passedeven"><td rowspan="1">com.qa.runner.TestRunner2</td><td><a href="#m8">runScenario</a></td><td rowspan="1">1719668127852</td><td rowspan="1">9203</td></tr></tbody>
</table>
<h2>Login Page Test</h2><h3 id="m0">com.qa.runner.TestRunner#runScenario</h3><table class="result"><tr class="param"><th>Parameter #1</th><th>Parameter #2</th></tr><tr class="param stripe"><td>&quot;Successful login with valid credentials&quot;</td><td>&quot;Login Page&quot;</td></tr><tr><th colspan="2">Exception</th></tr><tr><td colspan="2"><div class="stacktrace">java.lang.AssertionError
	at com.google.gson.internal.LinkedTreeMap.replaceInParent(LinkedTreeMap.java:318)
	at com.google.gson.internal.LinkedTreeMap.rotateLeft(LinkedTreeMap.java:408)
	at com.google.gson.internal.LinkedTreeMap.rebalance(LinkedTreeMap.java:349)
	at com.google.gson.internal.LinkedTreeMap.removeInternal(LinkedTreeMap.java:294)
	at com.google.gson.internal.LinkedTreeMap.removeInternal(LinkedTreeMap.java:261)
	at com.google.gson.internal.LinkedTreeMap.removeInternalByKey(LinkedTreeMap.java:302)
	at com.google.gson.internal.LinkedTreeMap.remove(LinkedTreeMap.java:134)
	at com.aventstack.extentreports.gherkin.GherkinDialect.&lt;init&gt;(GherkinDialect.java:26)
	at com.aventstack.extentreports.gherkin.GherkinDialectManager.setLanguage(GherkinDialectManager.java:76)
	at com.aventstack.extentreports.ExtentReports.setGherkinDialect(ExtentReports.java:446)
	at com.aventstack.extentreports.cucumber.adapter.ExtentCucumberAdapter.createFeature(ExtentCucumberAdapter.java:314)
	at com.aventstack.extentreports.cucumber.adapter.ExtentCucumberAdapter.handleStartOfFeature(ExtentCucumberAdapter.java:307)
	at com.aventstack.extentreports.cucumber.adapter.ExtentCucumberAdapter.handleTestCaseStarted(ExtentCucumberAdapter.java:161)
	at com.aventstack.extentreports.cucumber.adapter.ExtentCucumberAdapter.access$100(ExtentCucumberAdapter.java:63)
	at com.aventstack.extentreports.cucumber.adapter.ExtentCucumberAdapter$3.receive(ExtentCucumberAdapter.java:107)
	at com.aventstack.extentreports.cucumber.adapter.ExtentCucumberAdapter$3.receive(ExtentCucumberAdapter.java:104)
	at io.cucumber.core.eventbus.AbstractEventPublisher.send(AbstractEventPublisher.java:51)
	at io.cucumber.core.eventbus.AbstractEventBus.send(AbstractEventBus.java:12)
	at io.cucumber.core.runtime.SynchronizedEventBus.send(SynchronizedEventBus.java:47)
	at io.cucumber.core.runtime.ThreadLocalRunnerSupplier$LocalEventBus.send(ThreadLocalRunnerSupplier.java:62)
	at io.cucumber.core.runner.TestCase.emitTestCaseStarted(TestCase.java:206)
	at io.cucumber.core.runner.TestCase.run(TestCase.java:72)
	at io.cucumber.core.runner.Runner.runPickle(Runner.java:75)
	at io.cucumber.testng.TestNGCucumberRunner.lambda$runScenario$1(TestNGCucumberRunner.java:132)
	at io.cucumber.core.runtime.CucumberExecutionContext.lambda$runTestCase$5(CucumberExecutionContext.java:137)
	at io.cucumber.core.runtime.RethrowingThrowableCollector.executeAndThrow(RethrowingThrowableCollector.java:23)
	at io.cucumber.core.runtime.CucumberExecutionContext.runTestCase(CucumberExecutionContext.java:137)
	at io.cucumber.testng.TestNGCucumberRunner.runScenario(TestNGCucumberRunner.java:129)
	at io.cucumber.testng.AbstractTestNGCucumberTests.runScenario(AbstractTestNGCucumberTests.java:35)
	at java.base/java.util.concurrent.ThreadPoolExecutor.runWorker(ThreadPoolExecutor.java:1130)
	at java.base/java.util.concurrent.ThreadPoolExecutor$Worker.run(ThreadPoolExecutor.java:630)
	at java.base/java.lang.Thread.run(Thread.java:832)
... Removed 9 stack frames</div></td></tr></table><p class="totop"><a href="#summary">back to summary</a></p>
<h3 id="m1">com.qa.runner.TestRunner#runScenario</h3><table class="result"><tr class="param"><th>Parameter #1</th><th>Parameter #2</th></tr><tr class="param stripe"><td>&quot;Unsuccessful login with invalid credentials&quot;</td><td>&quot;Login Page&quot;</td></tr><tr><th colspan="2">Exception</th></tr><tr><td colspan="2"><div class="stacktrace">java.lang.AssertionError: expected [Epic sadface: Username and password do not match any user in this srevice] but found [Epic sadface: Username and password do not match any user in this service]
	at com.qa.stepdefinitions.LoginPageDefinition.user_should_display_error_message_as(LoginPageDefinition.java:70)
	at ✽.User should display error message as &quot;Epic sadface: Username and password do not match any user in this srevice&quot;(file:///C:/Users/shreenethira/eclipse-workspace/CucumberTest/src/test/java/com/qa/features/LoginPage.feature:35)
... Removed 6 stack frames</div></td></tr></table><p class="totop"><a href="#summary">back to summary</a></p>
<h3 id="m2">com.qa.runner.TestRunner1#runScenario</h3><table class="result"><tr class="param"><th>Parameter #1</th><th>Parameter #2</th></tr><tr class="param stripe"><td>&quot;Successful login with valid credentials&quot;</td><td>&quot;Login Page&quot;</td></tr><tr><th colspan="2">Exception</th></tr><tr><td colspan="2"><div class="stacktrace">java.lang.AssertionError: expected [Product] but found [Products]
	at com.qa.stepdefinitions.LoginPageDefinition.user_should_land_on_products_page(LoginPageDefinition.java:57)
	at ✽.User should land on Products Page(file:///C:/Users/shreenethira/eclipse-workspace/CucumberTest/src/test/java/com/qa/features/LoginPage.feature:29)
... Removed 6 stack frames</div></td></tr></table><p class="totop"><a href="#summary">back to summary</a></p>
<h3 id="m3">com.qa.runner.TestRunner1#runScenario</h3><table class="result"><tr class="param"><th>Parameter #1</th><th>Parameter #2</th></tr><tr class="param stripe"><td>&quot;Unsuccessful login with invalid credentials&quot;</td><td>&quot;Login Page&quot;</td></tr><tr><th colspan="2">Exception</th></tr><tr><td colspan="2"><div class="stacktrace">java.lang.AssertionError: expected [Epic sadface: Username and password do not match any user in this srevice] but found [Epic sadface: Username and password do not match any user in this service]
	at com.qa.stepdefinitions.LoginPageDefinition.user_should_display_error_message_as(LoginPageDefinition.java:70)
	at ✽.User should display error message as &quot;Epic sadface: Username and password do not match any user in this srevice&quot;(file:///C:/Users/shreenethira/eclipse-workspace/CucumberTest/src/test/java/com/qa/features/LoginPage.feature:35)
... Removed 6 stack frames</div></td></tr></table><p class="totop"><a href="#summary">back to summary</a></p>
<h3 id="m4">com.qa.runner.TestRunner2#runScenario</h3><table class="result"><tr class="param"><th>Parameter #1</th><th>Parameter #2</th></tr><tr class="param stripe"><td>&quot;Unsuccessful login with invalid credentials&quot;</td><td>&quot;Login Page&quot;</td></tr><tr><th colspan="2">Exception</th></tr><tr><td colspan="2"><div class="stacktrace">java.lang.AssertionError: expected [Epic sadface: Username and password do not match any user in this srevice] but found [Epic sadface: Username and password do not match any user in this service]
	at com.qa.stepdefinitions.LoginPageDefinition.user_should_display_error_message_as(LoginPageDefinition.java:70)
	at ✽.User should display error message as &quot;Epic sadface: Username and password do not match any user in this srevice&quot;(file:///C:/Users/shreenethira/eclipse-workspace/CucumberTest/src/test/java/com/qa/features/LoginPage.feature:35)
... Removed 6 stack frames</div></td></tr></table><p class="totop"><a href="#summary">back to summary</a></p>
<h3 id="m5">com.qa.runner.TestRunner2#runScenario</h3><table class="result"><tr class="param"><th>Parameter #1</th><th>Parameter #2</th></tr><tr class="param stripe"><td>&quot;Successful login with valid credentials&quot;</td><td>&quot;Login Page&quot;</td></tr><tr><th colspan="2">Exception</th></tr><tr><td colspan="2"><div class="stacktrace">java.lang.AssertionError: expected [Product] but found [Products]
	at com.qa.stepdefinitions.LoginPageDefinition.user_should_land_on_products_page(LoginPageDefinition.java:57)
	at ✽.User should land on Products Page(file:///C:/Users/shreenethira/eclipse-workspace/CucumberTest/src/test/java/com/qa/features/LoginPage.feature:29)
... Removed 6 stack frames</div></td></tr></table><p class="totop"><a href="#summary">back to summary</a></p>
<h3 id="m6">com.qa.runner.TestRunner#runScenario</h3><table class="result"><tr class="param"><th>Parameter #1</th><th>Parameter #2</th></tr><tr class="param stripe"><td>&quot;Unsuccessful login with invalid credentials&quot;</td><td>&quot;Login Page&quot;</td></tr></table><p class="totop"><a href="#summary">back to summary</a></p>
<h3 id="m7">com.qa.runner.TestRunner1#runScenario</h3><table class="result"><tr class="param"><th>Parameter #1</th><th>Parameter #2</th></tr><tr class="param stripe"><td>&quot;Unsuccessful login with invalid credentials&quot;</td><td>&quot;Login Page&quot;</td></tr></table><p class="totop"><a href="#summary">back to summary</a></p>
<h3 id="m8">com.qa.runner.TestRunner2#runScenario</h3><table class="result"><tr class="param"><th>Parameter #1</th><th>Parameter #2</th></tr><tr class="param stripe"><td>&quot;Unsuccessful login with invalid credentials&quot;</td><td>&quot;Login Page&quot;</td></tr></table><p class="totop"><a href="#summary">back to summary</a></p>
</body>
</html>
